{"C:\\Ajay_EPAM\\PDP_PRACTICSE\\epampdp\\REACT\\react-scratch\\react-ts-scratch\\src\\App.tsx": {"path":"C:\\Ajay_EPAM\\PDP_PRACTICSE\\epampdp\\REACT\\react-scratch\\react-ts-scratch\\src\\App.tsx","statementMap":{"0":{"start":{"line":1,"column":0},"end":{"line":1,"column":26}},"1":{"start":{"line":3,"column":12},"end":{"line":5,"column":1}},"2":{"start":{"line":4,"column":2},"end":{"line":4,"column":31}},"3":{"start":{"line":7,"column":0},"end":{"line":7,"column":19}}},"fnMap":{"0":{"name":"(anonymous_1)","decl":{"start":{"line":3,"column":12},"end":{"line":3,"column":34}},"loc":{"start":{"line":3,"column":36},"end":{"line":5,"column":1}}}},"branchMap":{},"s":{"0":1,"1":1,"2":1,"3":1},"f":{"0":1},"b":{}}
}
